<?xml version="1.0" encoding="UTF-8"?>
<testng-results skipped="0" failed="0" ignored="1" total="2" passed="1">
  <reporter-output>
  </reporter-output>
  <suite name="Surefire suite" duration-ms="13214" started-at="2018-06-28T05:47:37Z" finished-at="2018-06-28T05:47:51Z">
    <groups>
    </groups>
    <test name="Surefire test" duration-ms="13214" started-at="2018-06-28T05:47:37Z" finished-at="2018-06-28T05:47:51Z">
      <class name="AutomationPracticeTest">
        <test-method status="PASS" signature="SetupTests()[pri:0, instance:AutomationPracticeTest@207ea13]" name="SetupTests" is-config="true" duration-ms="5358" started-at="2018-06-28T05:47:37Z" finished-at="2018-06-28T05:47:43Z">
          <reporter-output>
          </reporter-output>
        </test-method> <!-- SetupTests -->
        <test-method status="PASS" signature="tShirtTest()[pri:0, instance:AutomationPracticeTest@207ea13]" name="tShirtTest" duration-ms="7698" started-at="2018-06-28T05:47:43Z" finished-at="2018-06-28T05:47:51Z">
          <reporter-output>
          </reporter-output>
        </test-method> <!-- tShirtTest -->
        <test-method status="PASS" signature="AfterTests()[pri:0, instance:AutomationPracticeTest@207ea13]" name="AfterTests" is-config="true" duration-ms="1" started-at="2018-06-28T05:47:51Z" finished-at="2018-06-28T05:47:51Z">
          <reporter-output>
          </reporter-output>
        </test-method> <!-- AfterTests -->
      </class> <!-- AutomationPracticeTest -->
    </test> <!-- Surefire test -->
  </suite> <!-- Surefire suite -->
</testng-results>
